{"level":"info","ts":1724332652.880338,"msg":"инициализация системы логов прошла успешно"}
{"level":"info","ts":1724332652.882962,"msg":"сервер запущен успешно","port":"8080"}
{"level":"debug","ts":1724332652.883625,"msg":"сообщение о статусе каждые 30 секунд","status":"ok"}
{"level":"info","ts":1724332652.8841321,"msg":"начали новое слежение","file":"/tmp/secret_file"}
{"level":"info","ts":1724332652.884307,"msg":"начали новое слежение","file":"/tmp/secret_file2"}
{"level":"info","ts":1724332652.884552,"msg":"начали новое слежение","dir":"/tmp/secret_dir/"}
{"level":"info","ts":1724332652.884654,"msg":"начали новое слежение","dir":"/tmp/secret_dir2/"}
{"level":"debug","ts":1724332682.884224,"msg":"сообщение о статусе каждые 30 секунд","status":"ok"}
{"level":"debug","ts":1724332712.8845792,"msg":"сообщение о статусе каждые 30 секунд","status":"ok"}
{"level":"debug","ts":1724332742.885477,"msg":"сообщение о статусе каждые 30 секунд","status":"ok"}
{"level":"debug","ts":1724332772.8875022,"msg":"сообщение о статусе каждые 30 секунд","status":"ok"}
{"level":"debug","ts":1724332802.889654,"msg":"сообщение о статусе каждые 30 секунд","status":"ok"}
{"level":"debug","ts":1724332832.8906398,"msg":"сообщение о статусе каждые 30 секунд","status":"ok"}
{"level":"debug","ts":1724332862.891314,"msg":"сообщение о статусе каждые 30 секунд","status":"ok"}
{"level":"debug","ts":1724332892.891983,"msg":"сообщение о статусе каждые 30 секунд","status":"ok"}
{"level":"debug","ts":1724332922.893721,"msg":"сообщение о статусе каждые 30 секунд","status":"ok"}
{"level":"debug","ts":1724332952.895791,"msg":"сообщение о статусе каждые 30 секунд","status":"ok"}
{"level":"debug","ts":1724332982.896798,"msg":"сообщение о статусе каждые 30 секунд","status":"ok"}
{"level":"debug","ts":1724333012.898783,"msg":"сообщение о статусе каждые 30 секунд","status":"ok"}
{"level":"debug","ts":1724333042.896661,"msg":"сообщение о статусе каждые 30 секунд","status":"ok"}
{"level":"debug","ts":1724333072.887438,"msg":"сообщение о статусе каждые 30 секунд","status":"ok"}
{"level":"debug","ts":1724333102.886923,"msg":"сообщение о статусе каждые 30 секунд","status":"ok"}
{"level":"debug","ts":1724333132.8884501,"msg":"сообщение о статусе каждые 30 секунд","status":"ok"}
{"level":"debug","ts":1724333162.890113,"msg":"сообщение о статусе каждые 30 секунд","status":"ok"}
{"level":"debug","ts":1724333192.891801,"msg":"сообщение о статусе каждые 30 секунд","status":"ok"}
{"level":"debug","ts":1724333222.892423,"msg":"сообщение о статусе каждые 30 секунд","status":"ok"}
{"level":"debug","ts":1724333252.894208,"msg":"сообщение о статусе каждые 30 секунд","status":"ok"}
{"level":"debug","ts":1724333282.8957021,"msg":"сообщение о статусе каждые 30 секунд","status":"ok"}
{"level":"debug","ts":1724333312.896972,"msg":"сообщение о статусе каждые 30 секунд","status":"ok"}
{"level":"debug","ts":1724333342.897697,"msg":"сообщение о статусе каждые 30 секунд","status":"ok"}
{"level":"debug","ts":1724333372.899025,"msg":"сообщение о статусе каждые 30 секунд","status":"ok"}
{"level":"debug","ts":1724333402.90033,"msg":"сообщение о статусе каждые 30 секунд","status":"ok"}
{"level":"debug","ts":1724333432.901623,"msg":"сообщение о статусе каждые 30 секунд","status":"ok"}
{"level":"debug","ts":1724333462.902858,"msg":"сообщение о статусе каждые 30 секунд","status":"ok"}
{"level":"debug","ts":1724333492.903774,"msg":"сообщение о статусе каждые 30 секунд","status":"ok"}
{"level":"debug","ts":1724333522.905163,"msg":"сообщение о статусе каждые 30 секунд","status":"ok"}
{"level":"debug","ts":1724333552.9065542,"msg":"сообщение о статусе каждые 30 секунд","status":"ok"}
{"level":"debug","ts":1724333582.9074821,"msg":"сообщение о статусе каждые 30 секунд","status":"ok"}
{"level":"debug","ts":1724333612.9083421,"msg":"сообщение о статусе каждые 30 секунд","status":"ok"}
{"level":"debug","ts":1724333642.910211,"msg":"сообщение о статусе каждые 30 секунд","status":"ok"}
{"level":"debug","ts":1724333672.9119601,"msg":"сообщение о статусе каждые 30 секунд","status":"ok"}
{"level":"debug","ts":1724333702.913622,"msg":"сообщение о статусе каждые 30 секунд","status":"ok"}
{"level":"debug","ts":1724333732.915234,"msg":"сообщение о статусе каждые 30 секунд","status":"ok"}
{"level":"debug","ts":1724333762.9173288,"msg":"сообщение о статусе каждые 30 секунд","status":"ok"}
{"level":"debug","ts":1724333792.918753,"msg":"сообщение о статусе каждые 30 секунд","status":"ok"}
{"level":"debug","ts":1724333822.919897,"msg":"сообщение о статусе каждые 30 секунд","status":"ok"}
{"level":"debug","ts":1724333852.920558,"msg":"сообщение о статусе каждые 30 секунд","status":"ok"}
{"level":"debug","ts":1724333882.9211571,"msg":"сообщение о статусе каждые 30 секунд","status":"ok"}
{"level":"debug","ts":1724333912.922506,"msg":"сообщение о статусе каждые 30 секунд","status":"ok"}
{"level":"debug","ts":1724333942.92431,"msg":"сообщение о статусе каждые 30 секунд","status":"ok"}
{"level":"debug","ts":1724333972.925854,"msg":"сообщение о статусе каждые 30 секунд","status":"ok"}
{"level":"debug","ts":1724334002.926938,"msg":"сообщение о статусе каждые 30 секунд","status":"ok"}
{"level":"debug","ts":1724334032.927542,"msg":"сообщение о статусе каждые 30 секунд","status":"ok"}
{"level":"debug","ts":1724334062.928076,"msg":"сообщение о статусе каждые 30 секунд","status":"ok"}
{"level":"debug","ts":1724334092.92963,"msg":"сообщение о статусе каждые 30 секунд","status":"ok"}
{"level":"debug","ts":1724334122.930045,"msg":"сообщение о статусе каждые 30 секунд","status":"ok"}
{"level":"debug","ts":1724334152.931663,"msg":"сообщение о статусе каждые 30 секунд","status":"ok"}
{"level":"debug","ts":1724334182.932988,"msg":"сообщение о статусе каждые 30 секунд","status":"ok"}
{"level":"debug","ts":1724334212.934898,"msg":"сообщение о статусе каждые 30 секунд","status":"ok"}
{"level":"debug","ts":1724334242.935824,"msg":"сообщение о статусе каждые 30 секунд","status":"ok"}
{"level":"debug","ts":1724334272.9372952,"msg":"сообщение о статусе каждые 30 секунд","status":"ok"}
{"level":"debug","ts":1724334302.938528,"msg":"сообщение о статусе каждые 30 секунд","status":"ok"}
{"level":"info","ts":1724334310.292046,"msg":"инициализация системы логов прошла успешно"}
{"level":"info","ts":1724334310.294344,"msg":"сервер запущен успешно","port":"8080"}
{"level":"debug","ts":1724334310.294979,"msg":"сообщение о статусе каждые 30 секунд","status":"ok"}
{"level":"info","ts":1724334310.295305,"msg":"начали новое слежение","file":"/tmp/secret_file"}
{"level":"info","ts":1724334310.295486,"msg":"начали новое слежение","file":"/tmp/secret_file2"}
{"level":"info","ts":1724334310.2958,"msg":"начали новое слежение","dir":"/tmp/secret_dir/"}
{"level":"info","ts":1724334310.295923,"msg":"начали новое слежение","dir":"/tmp/secret_dir2/"}
